\BOOKMARK [1][-]{section.1}{Introduction}{}% 1
\BOOKMARK [1][-]{section.2}{Getting Started}{}% 2
\BOOKMARK [1][-]{section.3}{ Motion Model}{}% 3
\BOOKMARK [2][-]{subsection.3.1}{Kinematic Model}{section.3}% 4
\BOOKMARK [2][-]{subsection.3.2}{Noise}{section.3}% 5
\BOOKMARK [2][-]{subsection.3.3}{Motion Model Visualization}{section.3}% 6
\BOOKMARK [1][-]{section.4}{Sensor Model}{}% 7
\BOOKMARK [2][-]{subsection.4.1}{Model}{section.4}% 8
\BOOKMARK [2][-]{subsection.4.2}{Sensor Model Visualization}{section.4}% 9
\BOOKMARK [1][-]{section.5}{Particle Filter}{}% 10
\BOOKMARK [2][-]{subsection.5.1}{Implementation}{section.5}% 11
\BOOKMARK [2][-]{subsection.5.2}{Re-sampling}{section.5}% 12
\BOOKMARK [2][-]{subsection.5.3}{Re-Sampler Visualization}{section.5}% 13
\BOOKMARK [2][-]{subsection.5.4}{Testing Particle Filter in Simulation with Teleoperation}{section.5}% 14
\BOOKMARK [2][-]{subsection.5.5}{Testing Particle Filter in Simulation with Bag File}{section.5}% 15
\BOOKMARK [2][-]{subsection.5.6}{Testing Particle Filter on Robot}{section.5}% 16
\BOOKMARK [1][-]{section.6}{Submission}{}% 17
\BOOKMARK [2][-]{subsection.6.1}{Motion Model}{section.6}% 18
\BOOKMARK [2][-]{subsection.6.2}{Sensor Model}{section.6}% 19
\BOOKMARK [2][-]{subsection.6.3}{Re-Sampler}{section.6}% 20
\BOOKMARK [2][-]{subsection.6.4}{Particle Filter}{section.6}% 21
